<?xml version="1.0" encoding="UTF-8"?>
<coverage generated="1656885428078" clover="3.2.0">
  <project timestamp="1656885428078" name="All files">
    <metrics statements="17" coveredstatements="17" conditionals="5" coveredconditionals="5" methods="6" coveredmethods="6" elements="28" coveredelements="28" complexity="0" loc="17" ncloc="17" packages="1" files="2" classes="2"/>
    <file name="ArrayService.ts" path="/home/juru/Documents/Cursos/Lets_code/Modulo_8/exercicio_1/src/services/ArrayService.ts">
      <metrics statements="7" coveredstatements="7" conditionals="5" coveredconditionals="5" methods="4" coveredmethods="4"/>
      <line num="1" count="1" type="stmt"/>
      <line num="6" count="1" type="stmt"/>
      <line num="7" count="4" type="cond" truecount="1" falsecount="0"/>
      <line num="8" count="8" type="stmt"/>
      <line num="11" count="4" type="cond" truecount="2" falsecount="0"/>
      <line num="12" count="2" type="stmt"/>
      <line num="14" count="10" type="cond" truecount="2" falsecount="0"/>
    </file>
    <file name="RandomService.ts" path="/home/juru/Documents/Cursos/Lets_code/Modulo_8/exercicio_1/src/services/RandomService.ts">
      <metrics statements="10" coveredstatements="10" conditionals="0" coveredconditionals="0" methods="2" coveredmethods="2"/>
      <line num="3" count="1" type="stmt"/>
      <line num="8" count="1" type="stmt"/>
      <line num="10" count="2" type="stmt"/>
      <line num="14" count="2" type="stmt"/>
      <line num="15" count="2" type="stmt"/>
      <line num="16" count="2" type="stmt"/>
      <line num="18" count="2" type="stmt"/>
      <line num="19" count="12" type="stmt"/>
      <line num="20" count="12" type="stmt"/>
      <line num="23" count="2" type="stmt"/>
    </file>
  </project>
</coverage>
