{"/home/juru/Documents/Cursos/Lets_code/Modulo_8/exercicio_1/src/services/ArrayService.ts": {"path":"/home/juru/Documents/Cursos/Lets_code/Modulo_8/exercicio_1/src/services/ArrayService.ts","statementMap":{"0":{"start":{"line":6,"column":2},"end":{"line":17,"column":4}},"1":{"start":{"line":7,"column":4},"end":{"line":9,"column":null}},"2":{"start":{"line":8,"column":6},"end":{"line":8,"column":null}},"3":{"start":{"line":8,"column":53},"end":{"line":8,"column":82}},"4":{"start":{"line":11,"column":4},"end":{"line":15,"column":null}},"5":{"start":{"line":12,"column":6},"end":{"line":12,"column":null}},"6":{"start":{"line":14,"column":6},"end":{"line":14,"column":null}},"7":{"start":{"line":14,"column":36},"end":{"line":14,"column":50}},"8":{"start":{"line":1,"column":0},"end":{"line":1,"column":13}}},"fnMap":{"0":{"name":"(anonymous_0)","decl":{"start":{"line":2,"column":2},"end":{"line":2,"column":18}},"loc":{"start":{"line":2,"column":2},"end":{"line":2,"column":19}}},"1":{"name":"(anonymous_1)","decl":{"start":{"line":6,"column":14},"end":{"line":6,"column":15}},"loc":{"start":{"line":6,"column":80},"end":{"line":17,"column":3}}},"2":{"name":"(anonymous_2)","decl":{"start":{"line":8,"column":29},"end":{"line":8,"column":30}},"loc":{"start":{"line":8,"column":53},"end":{"line":8,"column":82}}},"3":{"name":"(anonymous_3)","decl":{"start":{"line":14,"column":25},"end":{"line":14,"column":26}},"loc":{"start":{"line":14,"column":36},"end":{"line":14,"column":50}}}},"branchMap":{"0":{"loc":{"start":{"line":7,"column":4},"end":{"line":9,"column":null}},"type":"if","locations":[{"start":{"line":7,"column":4},"end":{"line":9,"column":null}}]},"1":{"loc":{"start":{"line":11,"column":4},"end":{"line":15,"column":null}},"type":"if","locations":[{"start":{"line":11,"column":4},"end":{"line":15,"column":null}},{"start":{"line":13,"column":11},"end":{"line":15,"column":null}}]},"2":{"loc":{"start":{"line":14,"column":36},"end":{"line":14,"column":50}},"type":"cond-expr","locations":[{"start":{"line":14,"column":44},"end":{"line":14,"column":46}},{"start":{"line":14,"column":49},"end":{"line":14,"column":50}}]}},"s":{"0":1,"1":4,"2":2,"3":8,"4":4,"5":2,"6":2,"7":10,"8":1},"f":{"0":1,"1":4,"2":8,"3":10},"b":{"0":[2],"1":[2,2],"2":[4,6]}}
,"/home/juru/Documents/Cursos/Lets_code/Modulo_8/exercicio_1/src/services/RandomService.ts": {"path":"/home/juru/Documents/Cursos/Lets_code/Modulo_8/exercicio_1/src/services/RandomService.ts","statementMap":{"0":{"start":{"line":8,"column":2},"end":{"line":24,"column":null}},"1":{"start":{"line":10,"column":33},"end":{"line":12,"column":42}},"2":{"start":{"line":14,"column":25},"end":{"line":14,"column":27}},"3":{"start":{"line":15,"column":31},"end":{"line":15,"column":32}},"4":{"start":{"line":16,"column":37},"end":{"line":16,"column":54}},"5":{"start":{"line":18,"column":4},"end":{"line":22,"column":null}},"6":{"start":{"line":18,"column":17},"end":{"line":18,"column":18}},"7":{"start":{"line":19,"column":6},"end":{"line":19,"column":null}},"8":{"start":{"line":20,"column":6},"end":{"line":20,"column":null}},"9":{"start":{"line":23,"column":4},"end":{"line":23,"column":18}},"10":{"start":{"line":3,"column":0},"end":{"line":3,"column":13}}},"fnMap":{"0":{"name":"(anonymous_0)","decl":{"start":{"line":4,"column":2},"end":{"line":4,"column":18}},"loc":{"start":{"line":4,"column":2},"end":{"line":4,"column":19}}},"1":{"name":"(anonymous_1)","decl":{"start":{"line":8,"column":11},"end":{"line":8,"column":12}},"loc":{"start":{"line":8,"column":32},"end":{"line":24,"column":3}}}},"branchMap":{},"s":{"0":1,"1":2,"2":2,"3":2,"4":2,"5":2,"6":2,"7":12,"8":12,"9":2,"10":1},"f":{"0":1,"1":2},"b":{}}
}
