TN:
SF:src/services/ArrayService.ts
FN:2,(anonymous_0)
FN:6,(anonymous_1)
FN:8,(anonymous_2)
FN:14,(anonymous_3)
FNF:4
FNH:4
FNDA:1,(anonymous_0)
FNDA:4,(anonymous_1)
FNDA:8,(anonymous_2)
FNDA:10,(anonymous_3)
DA:1,1
DA:6,1
DA:7,4
DA:8,8
DA:11,4
DA:12,2
DA:14,10
LF:7
LH:7
BRDA:7,0,0,2
BRDA:11,1,0,2
BRDA:11,1,1,2
BRDA:14,2,0,4
BRDA:14,2,1,6
BRF:5
BRH:5
end_of_record
TN:
SF:src/services/RandomService.ts
FN:4,(anonymous_0)
FN:8,(anonymous_1)
FNF:2
FNH:2
FNDA:1,(anonymous_0)
FNDA:2,(anonymous_1)
DA:3,1
DA:8,1
DA:10,2
DA:14,2
DA:15,2
DA:16,2
DA:18,2
DA:19,12
DA:20,12
DA:23,2
LF:10
LH:10
BRF:0
BRH:0
end_of_record
